0 info it worked if it ends with ok
1 verbose cli [ '/usr/local/bin/node', '/usr/local/bin/npm', 'publish' ]
2 info using npm@3.9.3
3 info using node@v6.2.1
4 verbose publish [ '.' ]
5 silly cache add args [ '.', null ]
6 verbose cache add spec .
7 silly cache add parsed spec Result {
7 silly cache add   raw: '.',
7 silly cache add   scope: null,
7 silly cache add   name: null,
7 silly cache add   rawSpec: '.',
7 silly cache add   spec: '/Users/antoninotocco/Desktop/invoicer',
7 silly cache add   type: 'directory' }
8 verbose addLocalDirectory /Users/antoninotocco/.npm/markdown-invoicer/0.0.8/package.tgz not in flight; packing
9 verbose correctMkdir /Users/antoninotocco/.npm correctMkdir not in flight; initializing
10 info lifecycle markdown-invoicer@0.0.8~prepublish: markdown-invoicer@0.0.8
11 silly lifecycle markdown-invoicer@0.0.8~prepublish: no script for prepublish, continuing
12 verbose tar pack [ '/Users/antoninotocco/.npm/markdown-invoicer/0.0.8/package.tgz',
12 verbose tar pack   '/Users/antoninotocco/Desktop/invoicer' ]
13 verbose tarball /Users/antoninotocco/.npm/markdown-invoicer/0.0.8/package.tgz
14 verbose folder /Users/antoninotocco/Desktop/invoicer
15 verbose addLocalTarball adding from inside cache /Users/antoninotocco/.npm/markdown-invoicer/0.0.8/package.tgz
16 verbose correctMkdir /Users/antoninotocco/.npm correctMkdir not in flight; initializing
17 silly cache afterAdd markdown-invoicer@0.0.8
18 verbose afterAdd /Users/antoninotocco/.npm/markdown-invoicer/0.0.8/package/package.json not in flight; writing
19 verbose correctMkdir /Users/antoninotocco/.npm correctMkdir not in flight; initializing
20 verbose afterAdd /Users/antoninotocco/.npm/markdown-invoicer/0.0.8/package/package.json written
21 silly publish { _args: [ [ [Object], '/Users/antoninotocco/Desktop/webgest' ] ],
21 silly publish   _from: '.',
21 silly publish   _id: 'markdown-invoicer@0.0.8',
21 silly publish   _inCache: true,
21 silly publish   _installable: true,
21 silly publish   _location: '/markdown-invoicer',
21 silly publish   _nodeVersion: '4.3.1',
21 silly publish   _npmOperationalInternal:
21 silly publish    { host: 'packages-16-east.internal.npmjs.com',
21 silly publish      tmp: 'tmp/markdown-invoicer-0.0.1.tgz_1465806975832_0.1919421178754419' },
21 silly publish   _npmUser: { email: 'entonytocco@gmail.com', name: 'entonytocco' },
21 silly publish   _npmVersion: '2.14.12',
21 silly publish   _phantomChildren: { through: '2.3.8' },
21 silly publish   _requested:
21 silly publish    { name: 'markdown-invoicer',
21 silly publish      raw: 'markdown-invoicer@0.0.1',
21 silly publish      rawSpec: '0.0.1',
21 silly publish      scope: null,
21 silly publish      spec: '0.0.1',
21 silly publish      type: 'version' },
21 silly publish   _requiredBy: [ '/' ],
21 silly publish   _resolved: 'https://registry.npmjs.org/markdown-invoicer/-/markdown-invoicer-0.0.1.tgz',
21 silly publish   _shasum: '98f53d8d43ec1ae8118109c9462ca0667ebb33a2',
21 silly publish   _shrinkwrap: null,
21 silly publish   _spec: 'markdown-invoicer@0.0.1',
21 silly publish   _where: '/Users/antoninotocco/Desktop/webgest',
21 silly publish   author:
21 silly publish    { name: 'Antonino Tocco',
21 silly publish      email: '=',
21 silly publish      url: '=http://www.entonytocco.com' },
21 silly publish   bugs: { url: 'https://github.com/antonino-tocco/invoicer/issues' },
21 silly publish   dependencies:
21 silly publish    { duplexer: '^0.1.1',
21 silly publish      'markdown-pdf': '^2.2.0',
21 silly publish      split: '^0.3.0',
21 silly publish      through: '^2.3.4' },
21 silly publish   description: 'Invoice PDF generator API',
21 silly publish   devDependencies: {},
21 silly publish   directories: {},
21 silly publish   dist:
21 silly publish    { shasum: '3a844c66827d9f155aa1dd42fa21fc00d63bd7b7',
21 silly publish      tarball: 'https://registry.npmjs.org/markdown-invoicer/-/markdown-invoicer-0.0.1.tgz' },
21 silly publish   homepage: 'https://github.com/antonino-tocco/invoicer#readme',
21 silly publish   keywords: [ 'invoice', 'markdown', 'API', 'pdf' ],
21 silly publish   license: 'ISC',
21 silly publish   main: 'app.js',
21 silly publish   maintainers: [ { name: 'entonytocco', email: 'entonytocco@gmail.com' } ],
21 silly publish   name: 'markdown-invoicer',
21 silly publish   optionalDependencies: {},
21 silly publish   readme: 'ERROR: No README data found!',
21 silly publish   repository:
21 silly publish    { type: 'git',
21 silly publish      url: 'git+https://github.com/antonino-tocco/invoicer.git' },
21 silly publish   scripts: { test: 'echo "Error: no test specified" && exit 1' },
21 silly publish   version: '0.0.8',
21 silly publish   gitHead: '8e9d617ee27e55ed9ade4c2687a3e0010b41c8ad' }
22 verbose getPublishConfig undefined
23 silly mapToRegistry name markdown-invoicer
24 silly mapToRegistry using default registry
25 silly mapToRegistry registry https://registry.npmjs.org/
26 silly mapToRegistry data Result {
26 silly mapToRegistry   raw: 'markdown-invoicer',
26 silly mapToRegistry   scope: null,
26 silly mapToRegistry   name: 'markdown-invoicer',
26 silly mapToRegistry   rawSpec: '',
26 silly mapToRegistry   spec: 'latest',
26 silly mapToRegistry   type: 'tag' }
27 silly mapToRegistry uri https://registry.npmjs.org/markdown-invoicer
28 verbose publish registryBase https://registry.npmjs.org/
29 silly publish uploading /Users/antoninotocco/.npm/markdown-invoicer/0.0.8/package.tgz
30 verbose request uri https://registry.npmjs.org/markdown-invoicer
31 verbose request sending authorization for write operation
32 info attempt registry request try #1 at 22:00:17
33 verbose request using bearer token for auth
34 verbose request id 56df05d890a654d3
35 http request PUT https://registry.npmjs.org/markdown-invoicer
36 http 403 https://registry.npmjs.org/markdown-invoicer
37 verbose headers { 'content-type': 'application/json',
37 verbose headers   'cache-control': 'max-age=300',
37 verbose headers   'content-length': '95',
37 verbose headers   'accept-ranges': 'bytes',
37 verbose headers   date: 'Tue, 02 Aug 2016 20:00:19 GMT',
37 verbose headers   via: '1.1 varnish',
37 verbose headers   connection: 'keep-alive',
37 verbose headers   'x-served-by': 'cache-ams4143-AMS',
37 verbose headers   'x-cache': 'MISS',
37 verbose headers   'x-cache-hits': '0',
37 verbose headers   'x-timer': 'S1470168018.156207,VS0,VE1286',
37 verbose headers   vary: 'Accept-Encoding' }
38 verbose request invalidating /Users/antoninotocco/.npm/registry.npmjs.org/markdown-invoicer on PUT
39 error publish Failed PUT 403
40 verbose stack Error: "You cannot publish over the previously published version 0.0.8." : markdown-invoicer
40 verbose stack     at makeError (/usr/local/lib/node_modules/npm/node_modules/npm-registry-client/lib/request.js:264:12)
40 verbose stack     at CachingRegistryClient.<anonymous> (/usr/local/lib/node_modules/npm/node_modules/npm-registry-client/lib/request.js:252:14)
40 verbose stack     at Request._callback (/usr/local/lib/node_modules/npm/node_modules/npm-registry-client/lib/request.js:172:14)
40 verbose stack     at Request.self.callback (/usr/local/lib/node_modules/npm/node_modules/request/request.js:200:22)
40 verbose stack     at emitTwo (events.js:106:13)
40 verbose stack     at Request.emit (events.js:191:7)
40 verbose stack     at Request.<anonymous> (/usr/local/lib/node_modules/npm/node_modules/request/request.js:1067:10)
40 verbose stack     at emitOne (events.js:101:20)
40 verbose stack     at Request.emit (events.js:188:7)
40 verbose stack     at IncomingMessage.<anonymous> (/usr/local/lib/node_modules/npm/node_modules/request/request.js:988:12)
41 verbose statusCode 403
42 verbose pkgid markdown-invoicer
43 verbose cwd /Users/antoninotocco/Desktop/invoicer
44 error Darwin 15.6.0
45 error argv "/usr/local/bin/node" "/usr/local/bin/npm" "publish"
46 error node v6.2.1
47 error npm  v3.9.3
48 error code E403
49 error "You cannot publish over the previously published version 0.0.8." : markdown-invoicer
50 error If you need help, you may report this error at:
50 error     <https://github.com/npm/npm/issues>
51 verbose exit [ 1, true ]
